Configuring FPGA...
Configuration upload complete.
Autodetecting core configuration...
 - found 8-issue core with 2 contexts at 0xD0000000.
 - found 4-issue core with 1 contexts at 0xD0100000.
Detected 2 physical cores, 3 virtual cores (contexts).

===============================================================================
Resetting platform for run 1...
Uploading software...
Upload complete.
Running program...
Run complete.
Dumping application log to run1-core0-ctxt0.log...
Dumping application log to run1-core0-ctxt1.log...
Dumping application log to run1-core1.log...
Cycle count: 1763083
Dynamic energy: 8.81 mJ

===============================================================================
Resetting platform for run 2...
Uploading software...
Upload complete.
Running program...
Run complete.
Dumping application log to run2-core0-ctxt0.log...
Dumping application log to run2-core0-ctxt1.log...
Dumping application log to run2-core1.log...
Cycle count: 1763077
Dynamic energy: 9.43 mJ

===============================================================================
Resetting platform for run 3...
Uploading software...
Upload complete.
Running program...
Run complete.
Dumping application log to run3-core0-ctxt0.log...
Dumping application log to run3-core0-ctxt1.log...
Dumping application log to run3-core1.log...
Cycle count: 1762401
Dynamic energy: 9.40 mJ

===============================================================================
Average performance:

Cycle count: 1762853 cycles
Dynamic energy: 9.21 mJ
