init
CYC: 126865
STALL: 25482
BUN: 50696
SYL: 101414
NOP: 11
IACC: 101395
IMISS: 12
DRACC: 0
DRMISS: 0
DWACC: 25353
DWMISS: 25354

compress: success
compress
CYC: 280336
STALL: 79663
BUN: 132969
SYL: 344302
NOP: 52789
IACC: 200685
IMISS: 391
DRACC: 29576
DRMISS: 463
DWACC: 46742
DWMISS: 31634

Convolution 7x7: success
convolution_7x7
CYC: 1864700
STALL: 171166
BUN: 1516599
SYL: 7723826
NOP: 829436
IACC: 1693546
IMISS: 506
DRACC: 406941
DRMISS: 12882
DWACC: 54777
DWMISS: 39321

median: success
median
CYC: 2299219
STALL: 253983
BUN: 1774371
SYL: 9196746
NOP: 912632
IACC: 2045248
IMISS: 547
DRACC: 446062
DRMISS: 24586
DWACC: 59479
DWMISS: 43654

bcnt: success
bcnt
CYC: 2305722
STALL: 257238
BUN: 1777186
SYL: 9205146
NOP: 914568
IACC: 2048496
IMISS: 593
DRACC: 447026
DRMISS: 24759
DWACC: 60042
DWMISS: 43866

