Configuring FPGA...
Configuration upload complete.
Autodetecting core configuration...
Communication error or no cores found.
FPGA not responding. Retrying...
Configuring FPGA...
Configuration upload complete.
Autodetecting core configuration...
 - found 8-issue core with 2 contexts at 0xD0000000.
Detected 1 physical cores, 2 virtual cores (contexts).

===============================================================================
Resetting platform for run 1...
Uploading software...
Upload complete.
Running program...
Run complete.
Dumping application log to run1-core0-ctxt0.log...
Dumping application log to run1-core0-ctxt1.log...
Cycle count: 2645646
Dynamic energy: 10.41 mJ

===============================================================================
Resetting platform for run 2...
Uploading software...
Upload complete.
Running program...
Run complete.
Dumping application log to run2-core0-ctxt0.log...
Dumping application log to run2-core0-ctxt1.log...
Cycle count: 2645770
Dynamic energy: 8.76 mJ

===============================================================================
Resetting platform for run 3...
Uploading software...
Upload complete.
Running program...
Run complete.
Dumping application log to run3-core0-ctxt0.log...
Dumping application log to run3-core0-ctxt1.log...
Cycle count: 2645741
Dynamic energy: 8.42 mJ

===============================================================================
Average performance:

Cycle count: 2645719 cycles
Dynamic energy: 9.20 mJ
