Configuring FPGA...
Configuration upload complete.
Autodetecting core configuration...
 - found 8-issue core with 1 contexts at 0xD0000000.
 - found 4-issue core with 1 contexts at 0xD0100000.
Detected 2 physical cores, 2 virtual cores (contexts).

===============================================================================
Resetting platform for run 1...
Uploading software...
Upload complete.
Running program...
Run complete.
Dumping application log to run1-core0.log...
Dumping application log to run1-core1.log...
Cycle count: 1494102
Dynamic energy: 7.75 mJ

===============================================================================
Resetting platform for run 2...
Uploading software...
Upload complete.
Running program...
Run complete.
Dumping application log to run2-core0.log...
Dumping application log to run2-core1.log...
Cycle count: 1494606
Dynamic energy: 8.06 mJ

===============================================================================
Resetting platform for run 3...
Uploading software...
Upload complete.
Running program...
Run complete.
Dumping application log to run3-core0.log...
Dumping application log to run3-core1.log...
Cycle count: 1494035
Dynamic energy: 8.18 mJ

===============================================================================
Average performance:

Cycle count: 1494247 cycles
Dynamic energy: 8.00 mJ
