Configuring FPGA...
Configuration upload complete.
Autodetecting core configuration...
 - found 8-issue core with 2 contexts at 0xD0000000.
Detected 1 physical cores, 2 virtual cores (contexts).

===============================================================================
Resetting platform for run 1...
Uploading software...
Upload complete.
Running program...
Run complete.
Dumping application log to run1-core0-ctxt0.log...
Dumping application log to run1-core0-ctxt1.log...
Cycle count: 2209603
Dynamic energy: 10.25 mJ

===============================================================================
Resetting platform for run 2...
Uploading software...
Upload complete.
Running program...
Run complete.
Dumping application log to run2-core0-ctxt0.log...
Dumping application log to run2-core0-ctxt1.log...
Cycle count: 2209615
Dynamic energy: 11.70 mJ

===============================================================================
Resetting platform for run 3...
Uploading software...
Upload complete.
Running program...
Run complete.
Dumping application log to run3-core0-ctxt0.log...
Dumping application log to run3-core0-ctxt1.log...
Cycle count: 2209609
Dynamic energy: 12.42 mJ

===============================================================================
Average performance:

Cycle count: 2209609 cycles
Dynamic energy: 11.46 mJ
