init
CYC: 126862
STALL: 25508
BUN: 50695
SYL: 202804
NOP: 101400
IACC: 101393
IMISS: 15
DRACC: 0
DRMISS: 0
DWACC: 25353
DWMISS: 25353

compress: success
compress
CYC: 496196
STALL: 298131
BUN: 133023
SYL: 566336
NOP: 274683
IACC: 198104
IMISS: 15932
DRACC: 29579
DRMISS: 1593
DWACC: 46754
DWMISS: 32020

Convolution 7x7: success
convolution_7x7
CYC: 2289540
STALL: 578306
BUN: 1516729
SYL: 9075920
NOP: 2181196
IACC: 1711273
IMISS: 16677
DRACC: 406954
DRMISS: 44024
DWACC: 54804
DWMISS: 39714

median: success
median
CYC: 2743493
STALL: 676683
BUN: 1774546
SYL: 10708152
NOP: 2423587
IACC: 2066849
IMISS: 17433
DRACC: 446081
DRMISS: 56734
DWACC: 59515
DWMISS: 44051

bcnt: success
bcnt
CYC: 2759154
STALL: 689050
BUN: 1777422
SYL: 10720516
NOP: 2429334
IACC: 2070143
IMISS: 18156
DRACC: 447052
DRMISS: 56911
DWACC: 60090
DWMISS: 44268

