init
CYC: 126864
STALL: 25481
BUN: 50696
SYL: 101414
NOP: 11
IACC: 101395
IMISS: 12
DRACC: 0
DRMISS: 0
DWACC: 25353
DWMISS: 25354

compress: success
compress
CYC: 290733
STALL: 90060
BUN: 132969
SYL: 344302
NOP: 52789
IACC: 200685
IMISS: 391
DRACC: 29576
DRMISS: 1593
DWACC: 46742
DWMISS: 32016

Convolution 7x7: success
convolution_7x7
CYC: 2056188
STALL: 362638
BUN: 1516614
SYL: 7723876
NOP: 829446
IACC: 1693562
IMISS: 506
DRACC: 406943
DRMISS: 44024
DWACC: 54780
DWMISS: 39704

median: success
median
CYC: 2497287
STALL: 452035
BUN: 1774386
SYL: 9196796
NOP: 912642
IACC: 2045264
IMISS: 547
DRACC: 446064
DRMISS: 56734
DWACC: 59482
DWMISS: 44037

bcnt: success
bcnt
CYC: 2503825
STALL: 455325
BUN: 1777201
SYL: 9205196
NOP: 914578
IACC: 2048512
IMISS: 593
DRACC: 447028
DRMISS: 56911
DWACC: 60045
DWMISS: 44249

