init
CYC: 126862
STALL: 25509
BUN: 50695
SYL: 202804
NOP: 101400
IACC: 101393
IMISS: 15
DRACC: 0
DRMISS: 0
DWACC: 25353
DWMISS: 25353

compress: success
compress
CYC: 295601
STALL: 97536
BUN: 133023
SYL: 566336
NOP: 274683
IACC: 198104
IMISS: 1711
DRACC: 29579
DRMISS: 463
DWACC: 46754
DWMISS: 31638

Convolution 7x7: success
convolution_7x7
CYC: 1901680
STALL: 190498
BUN: 1516684
SYL: 9075728
NOP: 2181121
IACC: 1711221
IMISS: 1924
DRACC: 406948
DRMISS: 12882
DWACC: 54795
DWMISS: 39328

median: success
median
CYC: 2341922
STALL: 275182
BUN: 1774486
SYL: 10707896
NOP: 2423487
IACC: 2066780
IMISS: 2093
DRACC: 446073
DRMISS: 24586
DWACC: 59503
DWMISS: 43664

bcnt: success
bcnt
CYC: 2349962
STALL: 279945
BUN: 1777347
SYL: 10720196
NOP: 2429209
IACC: 2070057
IMISS: 2247
DRACC: 447042
DRMISS: 24759
DWACC: 60075
DWMISS: 43880

