init
CYC: 126864
STALL: 25481
BUN: 50696
SYL: 101414
NOP: 11
IACC: 101395
IMISS: 12
DRACC: 0
DRMISS: 0
DWACC: 25353
DWMISS: 25354

compress: success
compress
CYC: 281480
STALL: 80807
BUN: 132969
SYL: 344302
NOP: 52789
IACC: 200685
IMISS: 391
DRACC: 29576
DRMISS: 573
DWACC: 46742
DWMISS: 31679

Convolution 7x7: success
convolution_7x7
CYC: 1894644
STALL: 201110
BUN: 1516599
SYL: 7723826
NOP: 829436
IACC: 1693546
IMISS: 479
DRACC: 406941
DRMISS: 17799
DWACC: 54777
DWMISS: 39367

median: success
median
CYC: 2331104
STALL: 285868
BUN: 1774371
SYL: 9196746
NOP: 912632
IACC: 2045248
IMISS: 520
DRACC: 446062
DRMISS: 29720
DWACC: 59479
DWMISS: 43700

bcnt: success
bcnt
CYC: 2337607
STALL: 289123
BUN: 1777186
SYL: 9205146
NOP: 914568
IACC: 2048496
IMISS: 566
DRACC: 447026
DRMISS: 29893
DWACC: 60042
DWMISS: 43912

