Configuring FPGA...
Configuration upload complete.
Autodetecting core configuration...
 - found 8-issue core with 1 contexts at 0xD0000000.
Detected 1 physical cores, 1 virtual cores (contexts).

===============================================================================
Resetting platform for run 1...
Uploading software...
Upload complete.
Running program...
Run complete.
Dumping application log to run1-core0.log...
Cycle count: 2678407
Dynamic energy: 6.48 mJ

===============================================================================
Resetting platform for run 2...
Uploading software...
Upload complete.
Running program...
Run complete.
Dumping application log to run2-core0.log...
Cycle count: 2678449
Dynamic energy: 7.27 mJ

===============================================================================
Resetting platform for run 3...
Uploading software...
Upload complete.
Running program...
Run complete.
Dumping application log to run3-core0.log...
Cycle count: 2678411
Dynamic energy: 7.39 mJ

===============================================================================
Average performance:

Cycle count: 2678422 cycles
Dynamic energy: 7.04 mJ
