Configuring FPGA...
Configuration upload complete.
Autodetecting core configuration...
 - found 8-issue core with 2 contexts at 0xD0000000.
Detected 1 physical cores, 2 virtual cores (contexts).

===============================================================================
Resetting platform for run 1...
Uploading software...
Upload complete.
Running program...
Run complete.
Dumping application log to run1-core0-ctxt0.log...
Dumping application log to run1-core0-ctxt1.log...
Cycle count: 2873516
Dynamic energy: 7.20 mJ

===============================================================================
Resetting platform for run 2...
Uploading software...
Upload complete.
Running program...
Run complete.
Dumping application log to run2-core0-ctxt0.log...
Dumping application log to run2-core0-ctxt1.log...
Cycle count: 2873516
Dynamic energy: 8.74 mJ

===============================================================================
Resetting platform for run 3...
Uploading software...
Upload complete.
Running program...
Run complete.
Dumping application log to run3-core0-ctxt0.log...
Dumping application log to run3-core0-ctxt1.log...
Cycle count: 2873421
Dynamic energy: 9.70 mJ

===============================================================================
Average performance:

Cycle count: 2873484 cycles
Dynamic energy: 8.54 mJ
