init
CYC: 126865
STALL: 25482
BUN: 50696
SYL: 101414
NOP: 11
IACC: 101395
IMISS: 12
DRACC: 0
DRMISS: 0
DWACC: 25353
DWMISS: 25354

compress: success
compress
CYC: 281070
STALL: 80397
BUN: 132968
SYL: 344302
NOP: 52788
IACC: 200685
IMISS: 365
DRACC: 29576
DRMISS: 573
DWACC: 46742
DWMISS: 31679

Convolution 7x7: success
convolution_7x7
CYC: 1893366
STALL: 199832
BUN: 1516599
SYL: 7723826
NOP: 829436
IACC: 1693546
IMISS: 403
DRACC: 406941
DRMISS: 17799
DWACC: 54777
DWMISS: 39367

median: success
median
CYC: 2329664
STALL: 284428
BUN: 1774371
SYL: 9196746
NOP: 912632
IACC: 2045248
IMISS: 434
DRACC: 446062
DRMISS: 29720
DWACC: 59479
DWMISS: 43700

bcnt: success
bcnt
CYC: 2335844
STALL: 287360
BUN: 1777186
SYL: 9205146
NOP: 914568
IACC: 2048496
IMISS: 455
DRACC: 447026
DRMISS: 29893
DWACC: 60042
DWMISS: 43912

