Release 14.7 - ngc2edif P.20131013 (lin64)
Copyright (c) 1995-2013 Xilinx, Inc.  All rights reserved.
Reading design leon3mp.ngc ...
WARNING:NetListWriters:298 - No output is written to leon3mp.xncf, ignored.
Processing design ...
   Preping design's networks ...
   Preping design's macros ...
WARNING:NetListWriters:304 - Port bus req_bank_r<10 : 0> on block arb_select is
   not reconstructed, because there are some missing bus pins.
WARNING:NetListWriters:304 - Port bus col_addr<52 : 3> on block arb_select is
   not reconstructed, because there are some missing bus pins.
WARNING:NetListWriters:304 - Port bus dfi_address1<12 : 3> on block arb_select
   is not reconstructed, because there are some missing bus pins.
WARNING:NetListWriters:304 - Port bus req_bank_r[10 : 0] on block arb_mux is not
   reconstructed, because there are some missing bus pins.
WARNING:NetListWriters:304 - Port bus col_addr[52 : 3] on block arb_mux is not
   reconstructed, because there are some missing bus pins.
WARNING:NetListWriters:304 - Port bus dfi_address1[12 : 3] on block arb_mux is
   not reconstructed, because there are some missing bus pins.
WARNING:NetListWriters:306 - Signal bus grant_config_r<3 : 0> on block arb_mux
   is not reconstructed, because there are some missing bus signals.
WARNING:NetListWriters:306 - Signal bus rb_hit_busies.rb_hit_busies_ns[6 : 0] on
   block bank_queue_4 is not reconstructed, because there are some missing bus
   signals.
WARNING:NetListWriters:304 - Port bus ordered_issued[3 : 0] on block
   bank_queue_2 is not reconstructed, because there are some missing bus pins.
WARNING:NetListWriters:304 - Port bus bm_end_in<7 : 4> on block bank_cntrl_2 is
   not reconstructed, because there are some missing bus pins.
WARNING:NetListWriters:304 - Port bus rb_hit_busy_ns_in<7 : 4> on block
   bank_cntrl_2 is not reconstructed, because there are some missing bus pins.
WARNING:NetListWriters:304 - Port bus passing_open_bank_in<7 : 4> on block
   bank_cntrl_2 is not reconstructed, because there are some missing bus pins.
WARNING:NetListWriters:304 - Port bus ordered_issued<3 : 0> on block
   bank_cntrl_2 is not reconstructed, because there are some missing bus pins.
WARNING:NetListWriters:304 - Port bus start_rcd_in<7 : 4> on block bank_cntrl_2
   is not reconstructed, because there are some missing bus pins.
WARNING:NetListWriters:304 - Port bus ras_timer_ns_in<23 : 12> on block
   bank_cntrl_2 is not reconstructed, because there are some missing bus pins.
WARNING:NetListWriters:304 - Port bus demand_priority_in<7 : 4> on block
   bank_cntrl_2 is not reconstructed, because there are some missing bus pins.
WARNING:NetListWriters:304 - Port bus ordered_issued[3 : 0] on block
   bank_queue_3 is not reconstructed, because there are some missing bus pins.
WARNING:NetListWriters:306 - Signal bus rb_hit_busies.rb_hit_busies_ns<5 : 1> on
   block bank_queue_3 is not reconstructed, because there are some missing bus
   signals.
WARNING:NetListWriters:304 - Port bus bm_end_in<7 : 4> on block bank_cntrl_3 is
   not reconstructed, because there are some missing bus pins.
WARNING:NetListWriters:304 - Port bus rb_hit_busy_ns_in<7 : 4> on block
   bank_cntrl_3 is not reconstructed, because there are some missing bus pins.
WARNING:NetListWriters:304 - Port bus passing_open_bank_in<7 : 4> on block
   bank_cntrl_3 is not reconstructed, because there are some missing bus pins.
WARNING:NetListWriters:304 - Port bus ordered_issued<3 : 0> on block
   bank_cntrl_3 is not reconstructed, because there are some missing bus pins.
WARNING:NetListWriters:304 - Port bus start_rcd_in<7 : 4> on block bank_cntrl_3
   is not reconstructed, because there are some missing bus pins.
WARNING:NetListWriters:304 - Port bus ras_timer_ns_in<23 : 12> on block
   bank_cntrl_3 is not reconstructed, because there are some missing bus pins.
WARNING:NetListWriters:304 - Port bus demand_priority_in<7 : 4> on block
   bank_cntrl_3 is not reconstructed, because there are some missing bus pins.
WARNING:NetListWriters:304 - Port bus dfi_address1<12 : 3> on block bank_mach is
   not reconstructed, because there are some missing bus pins.
WARNING:NetListWriters:306 - Signal bus req_wr_r<3 : 0> on block bank_mach is
   not reconstructed, because there are some missing bus signals.
WARNING:NetListWriters:306 - Signal bus col_addr<52 : 3> on block bank_mach is
   not reconstructed, because there are some missing bus signals.
WARNING:NetListWriters:306 - Signal bus req_bank_r<10 : 0> on block bank_mach is
   not reconstructed, because there are some missing bus signals.
WARNING:NetListWriters:306 - Signal bus dfi_address1_ns<12 : 3> on block mc is
   not reconstructed, because there are some missing bus signals.
WARNING:NetListWriters:304 - Port bus rdata<98 : 0> on block circ_buffer_1 is
   not reconstructed, because there are some missing bus pins.
WARNING:NetListWriters:306 - Signal bus n0590<98 : 0> on block phy_rddata_sync
   is not reconstructed, because there are some missing bus signals.
WARNING:NetListWriters:306 - Signal bus dfi_rd_dqs<16 : 0> on block
   phy_rddata_sync is not reconstructed, because there are some missing bus
   signals.
WARNING:NetListWriters:306 - Signal bus dfi_rd_dqs<16 : 0> on block phy_read is
   not reconstructed, because there are some missing bus signals.
WARNING:NetListWriters:304 - Port bus iserdes_q<5 : 0> on block rd_bitslip_NO71
   is not reconstructed, because there are some missing bus pins.
WARNING:NetListWriters:304 - Port bus iserdes_q<5 : 0> on block rd_bitslip_NO70
   is not reconstructed, because there are some missing bus pins.
WARNING:NetListWriters:304 - Port bus iserdes_q<5 : 0> on block rd_bitslip_NO69
   is not reconstructed, because there are some missing bus pins.
WARNING:NetListWriters:304 - Port bus iserdes_q<5 : 0> on block rd_bitslip_NO68
   is not reconstructed, because there are some missing bus pins.
WARNING:NetListWriters:304 - Port bus iserdes_q<5 : 0> on block rd_bitslip_NO67
   is not reconstructed, because there are some missing bus pins.
WARNING:NetListWriters:304 - Port bus iserdes_q<5 : 0> on block rd_bitslip_NO66
   is not reconstructed, because there are some missing bus pins.
WARNING:NetListWriters:304 - Port bus iserdes_q<5 : 0> on block rd_bitslip_NO65
   is not reconstructed, because there are some missing bus pins.
WARNING:NetListWriters:304 - Port bus iserdes_q<5 : 0> on block rd_bitslip_NO64
   is not reconstructed, because there are some missing bus pins.
WARNING:NetListWriters:304 - Port bus iserdes_q<5 : 0> on block rd_bitslip_NO63
   is not reconstructed, because there are some missing bus pins.
WARNING:NetListWriters:304 - Port bus iserdes_q<5 : 0> on block rd_bitslip_NO62
   is not reconstructed, because there are some missing bus pins.
WARNING:NetListWriters:304 - Port bus iserdes_q<5 : 0> on block rd_bitslip_NO61
   is not reconstructed, because there are some missing bus pins.
WARNING:NetListWriters:304 - Port bus iserdes_q<5 : 0> on block rd_bitslip_NO60
   is not reconstructed, because there are some missing bus pins.
WARNING:NetListWriters:304 - Port bus iserdes_q<5 : 0> on block rd_bitslip_NO59
   is not reconstructed, because there are some missing bus pins.
WARNING:NetListWriters:304 - Port bus iserdes_q<5 : 0> on block rd_bitslip_NO58
   is not reconstructed, because there are some missing bus pins.
WARNING:NetListWriters:304 - Port bus iserdes_q<5 : 0> on block rd_bitslip_NO57
   is not reconstructed, because there are some missing bus pins.
WARNING:NetListWriters:304 - Port bus iserdes_q<5 : 0> on block rd_bitslip_NO56
   is not reconstructed, because there are some missing bus pins.
WARNING:NetListWriters:304 - Port bus iserdes_q<5 : 0> on block rd_bitslip_NO55
   is not reconstructed, because there are some missing bus pins.
WARNING:NetListWriters:304 - Port bus iserdes_q<5 : 0> on block rd_bitslip_NO54
   is not reconstructed, because there are some missing bus pins.
WARNING:NetListWriters:304 - Port bus iserdes_q<5 : 0> on block rd_bitslip_NO53
   is not reconstructed, because there are some missing bus pins.
WARNING:NetListWriters:304 - Port bus iserdes_q<5 : 0> on block rd_bitslip_NO52
   is not reconstructed, because there are some missing bus pins.
WARNING:NetListWriters:304 - Port bus iserdes_q<5 : 0> on block rd_bitslip_NO51
   is not reconstructed, because there are some missing bus pins.
WARNING:NetListWriters:304 - Port bus iserdes_q<5 : 0> on block rd_bitslip_NO50
   is not reconstructed, because there are some missing bus pins.
WARNING:NetListWriters:304 - Port bus iserdes_q<5 : 0> on block rd_bitslip_NO49
   is not reconstructed, because there are some missing bus pins.
WARNING:NetListWriters:304 - Port bus iserdes_q<5 : 0> on block rd_bitslip_NO48
   is not reconstructed, because there are some missing bus pins.
WARNING:NetListWriters:304 - Port bus iserdes_q<5 : 0> on block rd_bitslip_NO47
   is not reconstructed, because there are some missing bus pins.
WARNING:NetListWriters:304 - Port bus iserdes_q<5 : 0> on block rd_bitslip_NO46
   is not reconstructed, because there are some missing bus pins.
WARNING:NetListWriters:304 - Port bus iserdes_q<5 : 0> on block rd_bitslip_NO45
   is not reconstructed, because there are some missing bus pins.
WARNING:NetListWriters:304 - Port bus iserdes_q<5 : 0> on block rd_bitslip_NO44
   is not reconstructed, because there are some missing bus pins.
WARNING:NetListWriters:304 - Port bus iserdes_q<5 : 0> on block rd_bitslip_NO43
   is not reconstructed, because there are some missing bus pins.
WARNING:NetListWriters:304 - Port bus iserdes_q<5 : 0> on block rd_bitslip_NO42
   is not reconstructed, because there are some missing bus pins.
WARNING:NetListWriters:304 - Port bus iserdes_q<5 : 0> on block rd_bitslip_NO41
   is not reconstructed, because there are some missing bus pins.
WARNING:NetListWriters:304 - Port bus iserdes_q<5 : 0> on block rd_bitslip_NO40
   is not reconstructed, because there are some missing bus pins.
WARNING:NetListWriters:304 - Port bus iserdes_q<5 : 0> on block rd_bitslip_NO39
   is not reconstructed, because there are some missing bus pins.
WARNING:NetListWriters:304 - Port bus iserdes_q<5 : 0> on block rd_bitslip_NO38
   is not reconstructed, because there are some missing bus pins.
WARNING:NetListWriters:304 - Port bus iserdes_q<5 : 0> on block rd_bitslip_NO37
   is not reconstructed, because there are some missing bus pins.
WARNING:NetListWriters:304 - Port bus iserdes_q<5 : 0> on block rd_bitslip_NO36
   is not reconstructed, because there are some missing bus pins.
WARNING:NetListWriters:304 - Port bus iserdes_q<5 : 0> on block rd_bitslip_NO35
   is not reconstructed, because there are some missing bus pins.
WARNING:NetListWriters:304 - Port bus iserdes_q<5 : 0> on block rd_bitslip_NO34
   is not reconstructed, because there are some missing bus pins.
WARNING:NetListWriters:304 - Port bus iserdes_q<5 : 0> on block rd_bitslip_NO33
   is not reconstructed, because there are some missing bus pins.
WARNING:NetListWriters:304 - Port bus iserdes_q<5 : 0> on block rd_bitslip_NO32
   is not reconstructed, because there are some missing bus pins.
WARNING:NetListWriters:304 - Port bus iserdes_q<5 : 0> on block rd_bitslip_NO31
   is not reconstructed, because there are some missing bus pins.
WARNING:NetListWriters:304 - Port bus iserdes_q<5 : 0> on block rd_bitslip_NO30
   is not reconstructed, because there are some missing bus pins.
WARNING:NetListWriters:304 - Port bus dqs_rst<3 : 0> on block phy_dqs_iob_NO2 is
   not reconstructed, because there are some missing bus pins.
WARNING:NetListWriters:304 - Port bus iserdes_q<5 : 0> on block rd_bitslip_NO29
   is not reconstructed, because there are some missing bus pins.
WARNING:NetListWriters:304 - Port bus iserdes_q<5 : 0> on block rd_bitslip_NO28
   is not reconstructed, because there are some missing bus pins.
WARNING:NetListWriters:304 - Port bus iserdes_q<5 : 0> on block rd_bitslip_NO27
   is not reconstructed, because there are some missing bus pins.
WARNING:NetListWriters:304 - Port bus iserdes_q<5 : 0> on block rd_bitslip_NO26
   is not reconstructed, because there are some missing bus pins.
WARNING:NetListWriters:304 - Port bus iserdes_q<5 : 0> on block rd_bitslip_NO25
   is not reconstructed, because there are some missing bus pins.
WARNING:NetListWriters:304 - Port bus iserdes_q<5 : 0> on block rd_bitslip_NO24
   is not reconstructed, because there are some missing bus pins.
WARNING:NetListWriters:304 - Port bus iserdes_q<5 : 0> on block rd_bitslip_NO23
   is not reconstructed, because there are some missing bus pins.
WARNING:NetListWriters:304 - Port bus iserdes_q<5 : 0> on block rd_bitslip_NO22
   is not reconstructed, because there are some missing bus pins.
WARNING:NetListWriters:304 - Port bus iserdes_q<5 : 0> on block rd_bitslip_NO21
   is not reconstructed, because there are some missing bus pins.
WARNING:NetListWriters:304 - Port bus iserdes_q<5 : 0> on block rd_bitslip_NO20
   is not reconstructed, because there are some missing bus pins.
WARNING:NetListWriters:304 - Port bus iserdes_q<5 : 0> on block rd_bitslip_NO19
   is not reconstructed, because there are some missing bus pins.
WARNING:NetListWriters:304 - Port bus iserdes_q<5 : 0> on block rd_bitslip_NO18
   is not reconstructed, because there are some missing bus pins.
WARNING:NetListWriters:304 - Port bus iserdes_q<5 : 0> on block rd_bitslip_NO17
   is not reconstructed, because there are some missing bus pins.
WARNING:NetListWriters:304 - Port bus iserdes_q<5 : 0> on block rd_bitslip_NO16
   is not reconstructed, because there are some missing bus pins.
WARNING:NetListWriters:304 - Port bus iserdes_q<5 : 0> on block rd_bitslip_NO15
   is not reconstructed, because there are some missing bus pins.
WARNING:NetListWriters:304 - Port bus iserdes_q<5 : 0> on block rd_bitslip_NO14
   is not reconstructed, because there are some missing bus pins.
WARNING:NetListWriters:304 - Port bus iserdes_q<5 : 0> on block rd_bitslip_NO13
   is not reconstructed, because there are some missing bus pins.
WARNING:NetListWriters:304 - Port bus iserdes_q<5 : 0> on block rd_bitslip_NO12
   is not reconstructed, because there are some missing bus pins.
WARNING:NetListWriters:304 - Port bus iserdes_q<5 : 0> on block rd_bitslip_NO11
   is not reconstructed, because there are some missing bus pins.
WARNING:NetListWriters:304 - Port bus iserdes_q<5 : 0> on block rd_bitslip_NO10
   is not reconstructed, because there are some missing bus pins.
WARNING:NetListWriters:304 - Port bus iserdes_q<5 : 0> on block rd_bitslip_NO9
   is not reconstructed, because there are some missing bus pins.
WARNING:NetListWriters:304 - Port bus iserdes_q<5 : 0> on block rd_bitslip_NO8
   is not reconstructed, because there are some missing bus pins.
WARNING:NetListWriters:304 - Port bus iserdes_q<5 : 0> on block rd_bitslip_NO7
   is not reconstructed, because there are some missing bus pins.
WARNING:NetListWriters:304 - Port bus iserdes_q<5 : 0> on block rd_bitslip_NO6
   is not reconstructed, because there are some missing bus pins.
WARNING:NetListWriters:304 - Port bus iserdes_q<5 : 0> on block rd_bitslip_NO5
   is not reconstructed, because there are some missing bus pins.
WARNING:NetListWriters:304 - Port bus iserdes_q<5 : 0> on block rd_bitslip_NO4
   is not reconstructed, because there are some missing bus pins.
WARNING:NetListWriters:304 - Port bus iserdes_q<5 : 0> on block rd_bitslip_NO3
   is not reconstructed, because there are some missing bus pins.
WARNING:NetListWriters:304 - Port bus iserdes_q<5 : 0> on block rd_bitslip_NO2
   is not reconstructed, because there are some missing bus pins.
WARNING:NetListWriters:304 - Port bus iserdes_q<5 : 0> on block rd_bitslip_NO1
   is not reconstructed, because there are some missing bus pins.
WARNING:NetListWriters:304 - Port bus iserdes_q<5 : 0> on block rd_bitslip is
   not reconstructed, because there are some missing bus pins.
WARNING:NetListWriters:304 - Port bus dqs_rst<30 : 1> on block phy_data_io is
   not reconstructed, because there are some missing bus pins.
WARNING:NetListWriters:304 - Port bus phy_address0<12 : 0> on block phy_init is
   not reconstructed, because there are some missing bus pins.
WARNING:NetListWriters:304 - Port bus phy_wrdata<194 : 0> on block phy_init is
   not reconstructed, because there are some missing bus pins.
WARNING:NetListWriters:306 - Signal bus address_w<12 : 0> on block phy_init is
   not reconstructed, because there are some missing bus signals.
WARNING:NetListWriters:306 - Signal bus phy_wrdata<65 : 1> on block phy_init is
   not reconstructed, because there are some missing bus signals.
WARNING:NetListWriters:304 - Port bus dqs_rst<30 : 1> on block phy_write is not
   reconstructed, because there are some missing bus pins.
WARNING:NetListWriters:304 - Port bus phy_wrdata<194 : 0> on block phy_write is
   not reconstructed, because there are some missing bus pins.
WARNING:NetListWriters:306 - Signal bus Mmux__n3517_rs_A<5 : 0> on block
   phy_rdlvl is not reconstructed, because there are some missing bus signals.
WARNING:NetListWriters:306 - Signal bus Mmux__n3517_rs_lut<3 : 0> on block
   phy_rdlvl is not reconstructed, because there are some missing bus signals.
WARNING:NetListWriters:306 - Signal bus Mmux__n4276_rs_A<3 : 0> on block
   phy_rdlvl is not reconstructed, because there are some missing bus signals.
WARNING:NetListWriters:304 - Port bus phy_address0<12 : 0> on block
   phy_control_io is not reconstructed, because there are some missing bus pins.
WARNING:NetListWriters:306 - Signal bus mux_addr1<12 : 0> on block
   phy_control_io is not reconstructed, because there are some missing bus
   signals.
WARNING:NetListWriters:306 - Signal bus phy_address0<12 : 0> on block phy_top is
   not reconstructed, because there are some missing bus signals.
WARNING:NetListWriters:306 - Signal bus dbg_rd_bitslip_cnt<22 : 0> on block
   phy_top is not reconstructed, because there are some missing bus signals.
WARNING:NetListWriters:306 - Signal bus dqs_rst<30 : 1> on block phy_top is not
   reconstructed, because there are some missing bus signals.
WARNING:NetListWriters:306 - Signal bus phy_wrdata<194 : 0> on block phy_top is
   not reconstructed, because there are some missing bus signals.
WARNING:NetListWriters:306 - Signal bus dfi_rd_dqs<16 : 0> on block phy_top is
   not reconstructed, because there are some missing bus signals.
WARNING:NetListWriters:306 - Signal bus rst_reg<9 : 3> on block ui_top is not
   reconstructed, because there are some missing bus signals.
WARNING:NetListWriters:305 - Port bus msto[1]_htrans has a mismatched property
   name msto on block ahbctrl.
WARNING:NetListWriters:303 - Unable to preserve the ordering for port bus
   msto[1]_htrans on block ahbctrl using the data msto[1]_htrans<1:0>.
WARNING:NetListWriters:305 - Port bus msto[0]_htrans has a mismatched property
   name msto on block ahbctrl.
WARNING:NetListWriters:303 - Unable to preserve the ordering for port bus
   msto[0]_htrans on block ahbctrl using the data msto[0]_htrans<1:0>.
WARNING:NetListWriters:305 - Port bus msto[1]_haddr has a mismatched property
   name msto on block ahbctrl.
WARNING:NetListWriters:303 - Unable to preserve the ordering for port bus
   msto[1]_haddr on block ahbctrl using the data msto[1]_haddr<31:0>.
WARNING:NetListWriters:305 - Port bus msto[0]_haddr has a mismatched property
   name msto on block ahbctrl.
WARNING:NetListWriters:303 - Unable to preserve the ordering for port bus
   msto[0]_haddr on block ahbctrl using the data msto[0]_haddr<31:0>.
WARNING:NetListWriters:304 - Port bus msto[1]_hwdata<127 : 0> on block ahbctrl
   is not reconstructed, because there are some missing bus pins.
WARNING:NetListWriters:304 - Port bus msto[3]_hwdata<127 : 0> on block ahbctrl
   is not reconstructed, because there are some missing bus pins.
WARNING:NetListWriters:304 - Port bus msto[0]_hwdata<127 : 0> on block ahbctrl
   is not reconstructed, because there are some missing bus pins.
WARNING:NetListWriters:304 - Port bus slvi_hwdata<127 : 0> on block ahbctrl is
   not reconstructed, because there are some missing bus pins.
WARNING:NetListWriters:304 - Port bus slvo[1]_hrdata<124 : 0> on block ahbctrl
   is not reconstructed, because there are some missing bus pins.
WARNING:NetListWriters:306 - Signal bus
   r_haddr[4]_r_haddr[6]_wide_mux_406_OUT<31 : 1> on block ahbctrl is not
   reconstructed, because there are some missing bus signals.
WARNING:NetListWriters:306 - Signal bus r_hrdatas<31 : 1> on block ahbctrl is
   not reconstructed, because there are some missing bus signals.
WARNING:NetListWriters:306 - Signal bus
   r_haddr[6]_msto[3]_hconfig[0][31]_wide_mux_380_OUT<31 : 13> on block ahbctrl
   is not reconstructed, because there are some missing bus signals.
WARNING:NetListWriters:306 - Signal bus r_hrdatam<31 : 13> on block ahbctrl is
   not reconstructed, because there are some missing bus signals.
WARNING:NetListWriters:306 - Signal bus
   bufSel_buffer_block.count[1][5]_wide_mux_81_OUT<4 : 2> on block
   periph_uart_packetBuffer_NO1 is not reconstructed, because there are some
   missing bus signals.
WARNING:NetListWriters:306 - Signal bus
   bufSel_buffer_block.count[1][5]_wide_mux_81_OUT<4 : 2> on block
   periph_uart_packetBuffer is not reconstructed, because there are some missing
   bus signals.
WARNING:NetListWriters:306 - Signal bus n0185[8 : 0] on block
   periph_uart_packetHandler is not reconstructed, because there are some
   missing bus signals.
WARNING:NetListWriters:306 - Signal bus writeDataOp[2 : 0] on block
   periph_uart_packetHandler is not reconstructed, because there are some
   missing bus signals.
WARNING:NetListWriters:304 - Port bus bus2irq_address<10 : 2> on block
   periph_irq is not reconstructed, because there are some missing bus pins.
WARNING:NetListWriters:306 - Signal bus irq_handlers[1].irqReqLevel_r[5 : 0] on
   block periph_irq is not reconstructed, because there are some missing bus
   signals.
WARNING:NetListWriters:306 - Signal bus irq_handlers[0].irqReqLevel_r[5 : 0] on
   block periph_irq is not reconstructed, because there are some missing bus
   signals.
WARNING:NetListWriters:304 - Port bus ahb2bridge_haddr<25 : 0> on block ahb2bus
   is not reconstructed, because there are some missing bus pins.
WARNING:NetListWriters:304 - Port bus bridge2bus_address<25 : 2> on block
   ahb2bus is not reconstructed, because there are some missing bus pins.
WARNING:NetListWriters:306 - Signal bus
   ahb2bridge_hsize[2]_PWR_44_o_wide_mux_8_OUT<5 : 0> on block ahb2bus is not
   reconstructed, because there are some missing bus signals.
WARNING:NetListWriters:306 - Signal bus readByteSel<5 : 0> on block ahb2bus is
   not reconstructed, because there are some missing bus signals.
WARNING:NetListWriters:306 - Signal bus address<25 : 2> on block ahb2bus is not
   reconstructed, because there are some missing bus signals.
WARNING:NetListWriters:304 - Port bus bridge2ahb_hwdata<127 : 0> on block
   bus2ahb_3 is not reconstructed, because there are some missing bus pins.
WARNING:NetListWriters:304 - Port bus ahbmi_hrdata<31 : 0> on block bus2ahb_3 is
   not reconstructed, because there are some missing bus pins.
WARNING:NetListWriters:306 - Signal bus ahbReq_writeData[127 : 0] on block
   bus2ahb_3 is not reconstructed, because there are some missing bus signals.
WARNING:NetListWriters:305 - Port bus slv2demux[0]_readData has a mismatched
   property name slv2demux on block bus_demux_1.
WARNING:NetListWriters:303 - Unable to preserve the ordering for port bus
   slv2demux[0]_readData on block bus_demux_1 using the data
   slv2demux[0]_readData<31:0>.
WARNING:NetListWriters:305 - Port bus slv2demux[1]_readData has a mismatched
   property name slv2demux on block bus_demux_1.
WARNING:NetListWriters:303 - Unable to preserve the ordering for port bus
   slv2demux[1]_readData on block bus_demux_1 using the data
   slv2demux[1]_readData<31:0>.
WARNING:NetListWriters:305 - Port bus slv2demux[4]_readData has a mismatched
   property name slv2demux on block bus_demux_1.
WARNING:NetListWriters:303 - Unable to preserve the ordering for port bus
   slv2demux[4]_readData on block bus_demux_1 using the data
   slv2demux[4]_readData<31:0>.
WARNING:NetListWriters:305 - Port bus slv2demux[3]_readData has a mismatched
   property name slv2demux on block bus_demux_1.
WARNING:NetListWriters:303 - Unable to preserve the ordering for port bus
   slv2demux[3]_readData on block bus_demux_1 using the data
   slv2demux[3]_readData<31:0>.
WARNING:NetListWriters:304 - Port bus ahbsi_haddr<31 : 0> on block ahb2mig_ml605
   is not reconstructed, because there are some missing bus pins.
WARNING:NetListWriters:304 - Port bus mst2stage_address<10 : 2> on block
   bus_stage_NO3 is not reconstructed, because there are some missing bus pins.
WARNING:NetListWriters:304 - Port bus stage2slv_address<10 : 2> on block
   bus_stage_NO3 is not reconstructed, because there are some missing bus pins.
WARNING:NetListWriters:306 - Signal bus mst2stage_r_address<10 : 2> on block
   bus_stage_NO3 is not reconstructed, because there are some missing bus
   signals.
WARNING:NetListWriters:304 - Port bus mst2stage_address<13 : 6> on block
   bus_stage_NO1 is not reconstructed, because there are some missing bus pins.
WARNING:NetListWriters:304 - Port bus stage2slv_address<13 : 6> on block
   bus_stage_NO1 is not reconstructed, because there are some missing bus pins.
WARNING:NetListWriters:306 - Signal bus mst2stage_r_address<13 : 6> on block
   bus_stage_NO1 is not reconstructed, because there are some missing bus
   signals.
WARNING:NetListWriters:305 - Port bus pl2trap_trap[5]_cause has a mismatched
   property name pl2trap_trap on block core_pipelane_11.
WARNING:NetListWriters:303 - Unable to preserve the ordering for port bus
   pl2trap_trap[5]_cause on block core_pipelane_11 using the data
   pl2trap_trap[5]_cause<7:0>.
WARNING:NetListWriters:305 - Port bus pl2trap_trap[5]_arg has a mismatched
   property name pl2trap_trap on block core_pipelane_11.
WARNING:NetListWriters:303 - Unable to preserve the ordering for port bus
   pl2trap_trap[5]_arg on block core_pipelane_11 using the data
   pl2trap_trap[5]_arg<31:0>.
WARNING:NetListWriters:304 - Port bus pl2limm_enable<2 : 0> on block
   core_pipelane_11 is not reconstructed, because there are some missing bus
   pins.
WARNING:NetListWriters:305 - Port bus pl2trap_trap[5]_cause has a mismatched
   property name pl2trap_trap on block core_pipelane_10.
WARNING:NetListWriters:303 - Unable to preserve the ordering for port bus
   pl2trap_trap[5]_cause on block core_pipelane_10 using the data
   pl2trap_trap[5]_cause<7:0>.
WARNING:NetListWriters:305 - Port bus pl2trap_trap[5]_arg has a mismatched
   property name pl2trap_trap on block core_pipelane_10.
WARNING:NetListWriters:303 - Unable to preserve the ordering for port bus
   pl2trap_trap[5]_arg on block core_pipelane_10 using the data
   pl2trap_trap[5]_arg<31:0>.
WARNING:NetListWriters:304 - Port bus pl2limm_enable<3 : 0> on block
   core_pipelane_10 is not reconstructed, because there are some missing bus
   pins.
WARNING:NetListWriters:305 - Port bus pl2br_trapToHandleInfo[3]_cause has a
   mismatched property name pl2br_trapToHandleInfo on block core_br_2.
WARNING:NetListWriters:303 - Unable to preserve the ordering for port bus
   pl2br_trapToHandleInfo[3]_cause on block core_br_2 using the data
   pl2br_trapToHandleInfo[3]_cause<7:0>.
WARNING:NetListWriters:304 - Port bus n0248<5 : 0> on block core_br_2 is not
   reconstructed, because there are some missing bus pins.
WARNING:NetListWriters:305 - Port bus trap2pl_trapToHandle[2]_arg has a
   mismatched property name trap2pl_trapToHandle on block core_pipelane_9.
WARNING:NetListWriters:303 - Unable to preserve the ordering for port bus
   trap2pl_trapToHandle[2]_arg on block core_pipelane_9 using the data
   trap2pl_trapToHandle[2]_arg<31:0>.
WARNING:NetListWriters:305 - Port bus br2cxplif_exDbgTrapInfo[3]_arg has a
   mismatched property name br2cxplif_exDbgTrapInfo on block core_pipelane_9.
WARNING:NetListWriters:303 - Unable to preserve the ordering for port bus
   br2cxplif_exDbgTrapInfo[3]_arg on block core_pipelane_9 using the data
   br2cxplif_exDbgTrapInfo[3]_arg<31:0>.
WARNING:NetListWriters:305 - Port bus trap2pl_trapToHandle[2]_cause has a
   mismatched property name trap2pl_trapToHandle on block core_pipelane_9.
WARNING:NetListWriters:303 - Unable to preserve the ordering for port bus
   trap2pl_trapToHandle[2]_cause on block core_pipelane_9 using the data
   trap2pl_trapToHandle[2]_cause<7:0>.
WARNING:NetListWriters:305 - Port bus br2cxplif_exDbgTrapInfo[3]_cause has a
   mismatched property name br2cxplif_exDbgTrapInfo on block core_pipelane_9.
WARNING:NetListWriters:303 - Unable to preserve the ordering for port bus
   br2cxplif_exDbgTrapInfo[3]_cause on block core_pipelane_9 using the data
   br2cxplif_exDbgTrapInfo[3]_cause<7:0>.
WARNING:NetListWriters:305 - Port bus pl2trap_trap[5]_cause has a mismatched
   property name pl2trap_trap on block core_pipelane_9.
WARNING:NetListWriters:303 - Unable to preserve the ordering for port bus
   pl2trap_trap[5]_cause on block core_pipelane_9 using the data
   pl2trap_trap[5]_cause<7:0>.
WARNING:NetListWriters:305 - Port bus pl2trap_trap[5]_arg has a mismatched
   property name pl2trap_trap on block core_pipelane_9.
WARNING:NetListWriters:303 - Unable to preserve the ordering for port bus
   pl2trap_trap[5]_arg on block core_pipelane_9 using the data
   pl2trap_trap[5]_arg<31:0>.
WARNING:NetListWriters:304 - Port bus n0248<5 : 0> on block core_pipelane_9 is
   not reconstructed, because there are some missing bus pins.
WARNING:NetListWriters:306 - Signal bus si[3]_syllable<26 : 2> on block
   core_pipelane_9 is not reconstructed, because there are some missing bus
   signals.
WARNING:NetListWriters:305 - Port bus pl2trap_trap[5]_cause has a mismatched
   property name pl2trap_trap on block core_pipelane_12.
WARNING:NetListWriters:303 - Unable to preserve the ordering for port bus
   pl2trap_trap[5]_cause on block core_pipelane_12 using the data
   pl2trap_trap[5]_cause<7:0>.
WARNING:NetListWriters:304 - Port bus cacheReadData<31 : 16> on block
   core_pipelane_12 is not reconstructed, because there are some missing bus
   pins.
WARNING:NetListWriters:306 - Signal bus si[3]_syllable[26 : 2] on block
   core_pipelane_12 is not reconstructed, because there are some missing bus
   signals.
WARNING:NetListWriters:306 - Signal bus si[3]_br_branchOffset[20 : 3] on block
   core_pipelane_12 is not reconstructed, because there are some missing bus
   signals.
WARNING:NetListWriters:305 - Port bus pl2trap_trap[1][5]_arg has a mismatched
   property name pl2trap_trap on block core_trapRouting_2.
WARNING:NetListWriters:303 - Unable to preserve the ordering for port bus
   pl2trap_trap[1][5]_arg on block core_trapRouting_2 using the data
   pl2trap_trap[1][5]_arg<31:0>.
WARNING:NetListWriters:305 - Port bus pl2trap_trap[2][5]_arg has a mismatched
   property name pl2trap_trap on block core_trapRouting_2.
WARNING:NetListWriters:303 - Unable to preserve the ordering for port bus
   pl2trap_trap[2][5]_arg on block core_trapRouting_2 using the data
   pl2trap_trap[2][5]_arg<31:0>.
WARNING:NetListWriters:305 - Port bus pl2trap_trap[3][5]_arg has a mismatched
   property name pl2trap_trap on block core_trapRouting_2.
WARNING:NetListWriters:303 - Unable to preserve the ordering for port bus
   pl2trap_trap[3][5]_arg on block core_trapRouting_2 using the data
   pl2trap_trap[3][5]_arg<31:0>.
WARNING:NetListWriters:305 - Port bus trap2pl_trapToHandle[3]_arg has a
   mismatched property name trap2pl_trapToHandle on block core_trapRouting_2.
WARNING:NetListWriters:303 - Unable to preserve the ordering for port bus
   trap2pl_trapToHandle[3]_arg on block core_trapRouting_2 using the data
   trap2pl_trapToHandle[3]_arg<31:0>.
WARNING:NetListWriters:305 - Port bus pl2trap_trap[1][5]_cause has a mismatched
   property name pl2trap_trap on block core_trapRouting_2.
WARNING:NetListWriters:303 - Unable to preserve the ordering for port bus
   pl2trap_trap[1][5]_cause on block core_trapRouting_2 using the data
   pl2trap_trap[1][5]_cause<7:0>.
WARNING:NetListWriters:305 - Port bus pl2trap_trap[0][5]_cause has a mismatched
   property name pl2trap_trap on block core_trapRouting_2.
WARNING:NetListWriters:303 - Unable to preserve the ordering for port bus
   pl2trap_trap[0][5]_cause on block core_trapRouting_2 using the data
   pl2trap_trap[0][5]_cause<7:0>.
WARNING:NetListWriters:305 - Port bus pl2trap_trap[2][5]_cause has a mismatched
   property name pl2trap_trap on block core_trapRouting_2.
WARNING:NetListWriters:303 - Unable to preserve the ordering for port bus
   pl2trap_trap[2][5]_cause on block core_trapRouting_2 using the data
   pl2trap_trap[2][5]_cause<7:0>.
WARNING:NetListWriters:305 - Port bus pl2trap_trap[3][5]_cause has a mismatched
   property name pl2trap_trap on block core_trapRouting_2.
WARNING:NetListWriters:303 - Unable to preserve the ordering for port bus
   pl2trap_trap[3][5]_cause on block core_trapRouting_2 using the data
   pl2trap_trap[3][5]_cause<7:0>.
WARNING:NetListWriters:305 - Port bus trap2pl_trapToHandle[3]_cause has a
   mismatched property name trap2pl_trapToHandle on block core_trapRouting_2.
WARNING:NetListWriters:303 - Unable to preserve the ordering for port bus
   trap2pl_trapToHandle[3]_cause on block core_trapRouting_2 using the data
   trap2pl_trapToHandle[3]_cause<7:0>.
WARNING:NetListWriters:305 - Port bus cxplif2cxreg_exDbgTrapInfo[0]_arg has a
   mismatched property name cxplif2cxreg_exDbgTrapInfo on block
   core_pipelanes_2.
WARNING:NetListWriters:303 - Unable to preserve the ordering for port bus
   cxplif2cxreg_exDbgTrapInfo[0]_arg on block core_pipelanes_2 using the data
   cxplif2cxreg_exDbgTrapInfo[0]_arg<31:0>.
WARNING:NetListWriters:304 - Port bus pl2cxplif_idle<3 : 0> on block
   core_pipelanes_2 is not reconstructed, because there are some missing bus
   pins.
WARNING:NetListWriters:304 - Port bus n0248<5 : 0> on block core_pipelanes_2 is
   not reconstructed, because there are some missing bus pins.
WARNING:NetListWriters:306 - Signal bus trap2pl_disable<4 : 2> on block
   core_pipelanes_2 is not reconstructed, because there are some missing bus
   signals.
WARNING:NetListWriters:304 - Port bus cfg2gbreg_requesterID<3 : 0> on block
   core_cfgCtrl_2 is not reconstructed, because there are some missing bus pins.
WARNING:NetListWriters:306 - Signal bus requesterID<3 : 0> on block
   core_cfgCtrl_2 is not reconstructed, because there are some missing bus
   signals.
WARNING:NetListWriters:306 - Signal bus requesterID_r<3 : 0> on block
   core_cfgCtrl_2 is not reconstructed, because there are some missing bus
   signals.
WARNING:NetListWriters:304 - Port bus bus2dgb_address<13 : 2> on block
   core_ctrlRegs_2 is not reconstructed, because there are some missing bus
   pins.
WARNING:NetListWriters:304 - Port bus writeEnables[4 : 0] on block
   core_forward_4_NO7 is not reconstructed, because there are some missing bus
   pins.
WARNING:NetListWriters:304 - Port bus writeEnables<4 : 0> on block
   core_forward_4_NO6 is not reconstructed, because there are some missing bus
   pins.
WARNING:NetListWriters:304 - Port bus writeEnables[4 : 0] on block
   core_forward_4_NO5 is not reconstructed, because there are some missing bus
   pins.
WARNING:NetListWriters:304 - Port bus writeEnables[4 : 0] on block
   core_forward_4_NO4 is not reconstructed, because there are some missing bus
   pins.
WARNING:NetListWriters:304 - Port bus writeEnables[4 : 0] on block
   core_forward_4_NO3 is not reconstructed, because there are some missing bus
   pins.
WARNING:NetListWriters:304 - Port bus writeEnables[4 : 0] on block
   core_forward_4_NO2 is not reconstructed, because there are some missing bus
   pins.
WARNING:NetListWriters:304 - Port bus bus2dgb_address<7 : 2> on block
   core_gpRegs_mem_2 is not reconstructed, because there are some missing bus
   pins.
WARNING:NetListWriters:304 - Port bus writeEnables[4 : 0] on block
   core_forward_4_NO1 is not reconstructed, because there are some missing bus
   pins.
WARNING:NetListWriters:304 - Port bus writeEnables[4 : 0] on block
   core_forward_4 is not reconstructed, because there are some missing bus pins.
WARNING:NetListWriters:304 - Port bus bus2dgb_address[9 : 2] on block
   core_gpRegs_2 is not reconstructed, because there are some missing bus pins.
WARNING:NetListWriters:306 - Signal bus readData<23 : 0> on block core_gpRegs_2
   is not reconstructed, because there are some missing bus signals.
WARNING:NetListWriters:304 - Port bus cfg2gbreg_requesterID<3 : 0> on block
   core_globalRegLogic_2 is not reconstructed, because there are some missing
   bus pins.
WARNING:NetListWriters:304 - Port bus pl2cxplif_idle[3 : 0] on block
   core_contextRegLogic_2 is not reconstructed, because there are some missing
   bus pins.
WARNING:NetListWriters:304 - Port bus bus2dgb_writeData[27 : 0] on block
   core_contextRegLogic_2 is not reconstructed, because there are some missing
   bus pins.
WARNING:NetListWriters:304 - Port bus bus2dgb_address<13 : 2> on block core_2 is
   not reconstructed, because there are some missing bus pins.
WARNING:NetListWriters:304 - Port bus n0248<5 : 0> on block core_2 is not
   reconstructed, because there are some missing bus pins.
WARNING:NetListWriters:306 - Signal bus pl2cxplif_idle<3 : 0> on block core_2 is
   not reconstructed, because there are some missing bus signals.
WARNING:NetListWriters:306 - Signal bus cfg2gbreg_requesterID<3 : 0> on block
   core_2 is not reconstructed, because there are some missing bus signals.
WARNING:NetListWriters:306 - Signal bus readData<31 : 0> on block core_2 is not
   reconstructed, because there are some missing bus signals.
WARNING:NetListWriters:304 - Port bus readData<127 : 1> on block
   cache_instr_blockData_2 is not reconstructed, because there are some missing
   bus pins.
WARNING:NetListWriters:304 - Port bus block2route_line<127 : 1> on block
   cache_instr_block_2 is not reconstructed, because there are some missing bus
   pins.
WARNING:NetListWriters:305 - Port bus bus2icache_bus[0]_readData has a
   mismatched property name bus2icache_bus on block cache_instr_2.
WARNING:NetListWriters:303 - Unable to preserve the ordering for port bus
   bus2icache_bus[0]_readData on block cache_instr_2 using the data
   bus2icache_bus[0]_readData<31:0>.
WARNING:NetListWriters:305 - Port bus bus2dcache_bus[0]_readData has a
   mismatched property name bus2dcache_bus on block cache_data_2.
WARNING:NetListWriters:303 - Unable to preserve the ordering for port bus
   bus2dcache_bus[0]_readData on block cache_data_2 using the data
   bus2dcache_bus[0]_readData<31:0>.
WARNING:NetListWriters:305 - Port bus cache2bus_bus[0]_writeMask has a
   mismatched property name cache2bus_bus on block cache_2.
WARNING:NetListWriters:303 - Unable to preserve the ordering for port bus
   cache2bus_bus[0]_writeMask on block cache_2 using the data
   cache2bus_bus[0]_writeMask<3:0>.
WARNING:NetListWriters:305 - Port bus cache2bus_bus[0]_writeData has a
   mismatched property name cache2bus_bus on block cache_2.
WARNING:NetListWriters:303 - Unable to preserve the ordering for port bus
   cache2bus_bus[0]_writeData on block cache_2 using the data
   cache2bus_bus[0]_writeData<31:0>.
WARNING:NetListWriters:305 - Port bus bus2cache_bus[0]_readData has a mismatched
   property name bus2cache_bus on block cache_2.
WARNING:NetListWriters:303 - Unable to preserve the ordering for port bus
   bus2cache_bus[0]_readData on block cache_2 using the data
   bus2cache_bus[0]_readData<31:0>.
WARNING:NetListWriters:306 - Signal bus ahbReq_writeData[127 : 0] on block
   bus2ahb_2 is not reconstructed, because there are some missing bus signals.
WARNING:NetListWriters:305 - Port bus ahbmo[0]_htrans has a mismatched property
   name ahbmo on block rvsys_grlib_rctrl_2.
WARNING:NetListWriters:303 - Unable to preserve the ordering for port bus
   ahbmo[0]_htrans on block rvsys_grlib_rctrl_2 using the data
   ahbmo[0]_htrans<1:0>.
WARNING:NetListWriters:305 - Port bus ahbmo[0]_haddr has a mismatched property
   name ahbmo on block rvsys_grlib_rctrl_2.
WARNING:NetListWriters:303 - Unable to preserve the ordering for port bus
   ahbmo[0]_haddr on block rvsys_grlib_rctrl_2 using the data
   ahbmo[0]_haddr<31:0>.
WARNING:NetListWriters:305 - Port bus ahbmo[0]_hsize has a mismatched property
   name ahbmo on block rvsys_grlib_rctrl_2.
WARNING:NetListWriters:303 - Unable to preserve the ordering for port bus
   ahbmo[0]_hsize on block rvsys_grlib_rctrl_2 using the data
   ahbmo[0]_hsize<2:0>.
WARNING:NetListWriters:305 - Port bus ahbmo[0]_hburst has a mismatched property
   name ahbmo on block rvsys_grlib_rctrl_2.
WARNING:NetListWriters:303 - Unable to preserve the ordering for port bus
   ahbmo[0]_hburst on block rvsys_grlib_rctrl_2 using the data
   ahbmo[0]_hburst<2:0>.
WARNING:NetListWriters:305 - Port bus ahbmo[0]_hprot has a mismatched property
   name ahbmo on block rvsys_grlib_rctrl_2.
WARNING:NetListWriters:303 - Unable to preserve the ordering for port bus
   ahbmo[0]_hprot on block rvsys_grlib_rctrl_2 using the data
   ahbmo[0]_hprot<3:0>.
WARNING:NetListWriters:305 - Port bus ahbmo[0]_hwdata has a mismatched property
   name ahbmo on block rvsys_grlib_rctrl_2.
WARNING:NetListWriters:303 - Unable to preserve the ordering for port bus
   ahbmo[0]_hwdata on block rvsys_grlib_rctrl_2 using the data
   ahbmo[0]_hwdata<127:0>.
WARNING:NetListWriters:305 - Port bus ahbmo[0]_hirq has a mismatched property
   name ahbmo on block rvsys_grlib_rctrl_2.
WARNING:NetListWriters:303 - Unable to preserve the ordering for port bus
   ahbmo[0]_hirq on block rvsys_grlib_rctrl_2 using the data
   ahbmo[0]_hirq<31:0>.
WARNING:NetListWriters:305 - Port bus ahbmo[0]_hindex has a mismatched property
   name ahbmo on block rvsys_grlib_rctrl_2.
WARNING:NetListWriters:303 - Unable to preserve the ordering for port bus
   ahbmo[0]_hindex on block rvsys_grlib_rctrl_2 using the data
   ahbmo[0]_hindex<3:0>.
WARNING:NetListWriters:306 - Signal bus icache2rv_instr<31 : 1> on block
   rvsys_grlib_rctrl_2 is not reconstructed, because there are some missing bus
   signals.
WARNING:NetListWriters:306 - Signal bus n0248<5 : 0> on block
   rvsys_grlib_rctrl_2 is not reconstructed, because there are some missing bus
   signals.
WARNING:NetListWriters:305 - Port bus bus2icache_bus[0]_readData has a
   mismatched property name bus2icache_bus on block cache_instr_1.
WARNING:NetListWriters:303 - Unable to preserve the ordering for port bus
   bus2icache_bus[0]_readData on block cache_instr_1 using the data
   bus2icache_bus[0]_readData<31:0>.
WARNING:NetListWriters:305 - Port bus bus2dcache_bus[0]_readData has a
   mismatched property name bus2dcache_bus on block cache_data_1.
WARNING:NetListWriters:303 - Unable to preserve the ordering for port bus
   bus2dcache_bus[0]_readData on block cache_data_1 using the data
   bus2dcache_bus[0]_readData<31:0>.
WARNING:NetListWriters:305 - Port bus cache2rv_status[0]_data_accessType has a
   mismatched property name cache2rv_status on block cache_1.
WARNING:NetListWriters:303 - Unable to preserve the ordering for port bus
   cache2rv_status[0]_data_accessType on block cache_1 using the data
   cache2rv_status[0]_data_accessType<1:0>.
WARNING:NetListWriters:305 - Port bus cache2bus_bus[0]_writeMask has a
   mismatched property name cache2bus_bus on block cache_1.
WARNING:NetListWriters:303 - Unable to preserve the ordering for port bus
   cache2bus_bus[0]_writeMask on block cache_1 using the data
   cache2bus_bus[0]_writeMask<3:0>.
WARNING:NetListWriters:305 - Port bus cache2bus_bus[0]_writeData has a
   mismatched property name cache2bus_bus on block cache_1.
WARNING:NetListWriters:303 - Unable to preserve the ordering for port bus
   cache2bus_bus[0]_writeData on block cache_1 using the data
   cache2bus_bus[0]_writeData<31:0>.
WARNING:NetListWriters:305 - Port bus bus2cache_bus[0]_readData has a mismatched
   property name bus2cache_bus on block cache_1.
WARNING:NetListWriters:303 - Unable to preserve the ordering for port bus
   bus2cache_bus[0]_readData on block cache_1 using the data
   bus2cache_bus[0]_readData<31:0>.
WARNING:NetListWriters:305 - Port bus slv2demux[0]_readData has a mismatched
   property name slv2demux on block bus_demux_2.
WARNING:NetListWriters:303 - Unable to preserve the ordering for port bus
   slv2demux[0]_readData on block bus_demux_2 using the data
   slv2demux[0]_readData<31:0>.
WARNING:NetListWriters:306 - Signal bus ahbReq_writeData<127 : 0> on block
   bus2ahb_1 is not reconstructed, because there are some missing bus signals.
WARNING:NetListWriters:305 - Port bus pl2trap_trap[5]_arg has a mismatched
   property name pl2trap_trap on block core_pipelane_2.
WARNING:NetListWriters:303 - Unable to preserve the ordering for port bus
   pl2trap_trap[5]_arg on block core_pipelane_2 using the data
   pl2trap_trap[5]_arg<31:0>.
WARNING:NetListWriters:305 - Port bus pl2trap_trap[5]_cause has a mismatched
   property name pl2trap_trap on block core_pipelane_2.
WARNING:NetListWriters:303 - Unable to preserve the ordering for port bus
   pl2trap_trap[5]_cause on block core_pipelane_2 using the data
   pl2trap_trap[5]_cause<7:0>.
WARNING:NetListWriters:304 - Port bus pl2limm_enable<7 : 2> on block
   core_pipelane_2 is not reconstructed, because there are some missing bus
   pins.
WARNING:NetListWriters:305 - Port bus pl2trap_trap[5]_arg has a mismatched
   property name pl2trap_trap on block core_pipelane_7.
WARNING:NetListWriters:303 - Unable to preserve the ordering for port bus
   pl2trap_trap[5]_arg on block core_pipelane_7 using the data
   pl2trap_trap[5]_arg<31:0>.
WARNING:NetListWriters:305 - Port bus pl2trap_trap[5]_cause has a mismatched
   property name pl2trap_trap on block core_pipelane_7.
WARNING:NetListWriters:303 - Unable to preserve the ordering for port bus
   pl2trap_trap[5]_cause on block core_pipelane_7 using the data
   pl2trap_trap[5]_cause<7:0>.
WARNING:NetListWriters:304 - Port bus pl2limm_enable[2 : 0] on block
   core_pipelane_7 is not reconstructed, because there are some missing bus
   pins.
WARNING:NetListWriters:306 - Signal bus _n0943<17 : 0> on block core_alu_1_NO5
   is not reconstructed, because there are some missing bus signals.
WARNING:NetListWriters:305 - Port bus pl2br_trapToHandleInfo[3]_cause has a
   mismatched property name pl2br_trapToHandleInfo on block core_br_1.
WARNING:NetListWriters:303 - Unable to preserve the ordering for port bus
   pl2br_trapToHandleInfo[3]_cause on block core_br_1 using the data
   pl2br_trapToHandleInfo[3]_cause<7:0>.
WARNING:NetListWriters:306 - Signal bus n0219<5 : 0> on block core_br_1 is not
   reconstructed, because there are some missing bus signals.
WARNING:NetListWriters:305 - Port bus pl2trap_trap[5]_arg has a mismatched
   property name pl2trap_trap on block core_pipelane_1.
WARNING:NetListWriters:303 - Unable to preserve the ordering for port bus
   pl2trap_trap[5]_arg on block core_pipelane_1 using the data
   pl2trap_trap[5]_arg<31:0>.
WARNING:NetListWriters:305 - Port bus pl2trap_trap[5]_cause has a mismatched
   property name pl2trap_trap on block core_pipelane_1.
WARNING:NetListWriters:303 - Unable to preserve the ordering for port bus
   pl2trap_trap[5]_cause on block core_pipelane_1 using the data
   pl2trap_trap[5]_cause<7:0>.
WARNING:NetListWriters:305 - Port bus trap2pl_trapToHandle[2]_cause has a
   mismatched property name trap2pl_trapToHandle on block core_pipelane_1.
WARNING:NetListWriters:303 - Unable to preserve the ordering for port bus
   trap2pl_trapToHandle[2]_cause on block core_pipelane_1 using the data
   trap2pl_trapToHandle[2]_cause<7:0>.
WARNING:NetListWriters:305 - Port bus br2cxplif_exDbgTrapInfo[3]_cause has a
   mismatched property name br2cxplif_exDbgTrapInfo on block core_pipelane_1.
WARNING:NetListWriters:303 - Unable to preserve the ordering for port bus
   br2cxplif_exDbgTrapInfo[3]_cause on block core_pipelane_1 using the data
   br2cxplif_exDbgTrapInfo[3]_cause<7:0>.
WARNING:NetListWriters:305 - Port bus trap2pl_trapToHandle[2]_arg has a
   mismatched property name trap2pl_trapToHandle on block core_pipelane_1.
WARNING:NetListWriters:303 - Unable to preserve the ordering for port bus
   trap2pl_trapToHandle[2]_arg on block core_pipelane_1 using the data
   trap2pl_trapToHandle[2]_arg<31:0>.
WARNING:NetListWriters:305 - Port bus br2cxplif_exDbgTrapInfo[3]_arg has a
   mismatched property name br2cxplif_exDbgTrapInfo on block core_pipelane_1.
WARNING:NetListWriters:303 - Unable to preserve the ordering for port bus
   br2cxplif_exDbgTrapInfo[3]_arg on block core_pipelane_1 using the data
   br2cxplif_exDbgTrapInfo[3]_arg<31:0>.
WARNING:NetListWriters:304 - Port bus pl2limm_enable<6 : 2> on block
   core_pipelane_1 is not reconstructed, because there are some missing bus
   pins.
WARNING:NetListWriters:306 - Signal bus si[4]_opcode<31 : 24> on block
   core_pipelane_1 is not reconstructed, because there are some missing bus
   signals.
WARNING:NetListWriters:305 - Port bus pl2trap_trap[5]_arg has a mismatched
   property name pl2trap_trap on block core_pipelane_6.
WARNING:NetListWriters:303 - Unable to preserve the ordering for port bus
   pl2trap_trap[5]_arg on block core_pipelane_6 using the data
   pl2trap_trap[5]_arg<31:0>.
WARNING:NetListWriters:305 - Port bus pl2trap_trap[5]_cause has a mismatched
   property name pl2trap_trap on block core_pipelane_6.
WARNING:NetListWriters:303 - Unable to preserve the ordering for port bus
   pl2trap_trap[5]_cause on block core_pipelane_6 using the data
   pl2trap_trap[5]_cause<7:0>.
WARNING:NetListWriters:304 - Port bus pl2limm_enable<3 : 0> on block
   core_pipelane_6 is not reconstructed, because there are some missing bus
   pins.
WARNING:NetListWriters:305 - Port bus pl2trap_trap[5]_arg has a mismatched
   property name pl2trap_trap on block core_pipelane_5.
WARNING:NetListWriters:303 - Unable to preserve the ordering for port bus
   pl2trap_trap[5]_arg on block core_pipelane_5 using the data
   pl2trap_trap[5]_arg<31:0>.
WARNING:NetListWriters:305 - Port bus pl2trap_trap[5]_cause has a mismatched
   property name pl2trap_trap on block core_pipelane_5.
WARNING:NetListWriters:303 - Unable to preserve the ordering for port bus
   pl2trap_trap[5]_cause on block core_pipelane_5 using the data
   pl2trap_trap[5]_cause<7:0>.
WARNING:NetListWriters:306 - Signal bus _n0943<17 : 0> on block core_alu_1_NO2
   is not reconstructed, because there are some missing bus signals.
WARNING:NetListWriters:305 - Port bus pl2trap_trap[5]_arg has a mismatched
   property name pl2trap_trap on block core_pipelane_4.
WARNING:NetListWriters:303 - Unable to preserve the ordering for port bus
   pl2trap_trap[5]_arg on block core_pipelane_4 using the data
   pl2trap_trap[5]_arg<31:0>.
WARNING:NetListWriters:305 - Port bus pl2trap_trap[5]_cause has a mismatched
   property name pl2trap_trap on block core_pipelane_4.
WARNING:NetListWriters:303 - Unable to preserve the ordering for port bus
   pl2trap_trap[5]_cause on block core_pipelane_4 using the data
   pl2trap_trap[5]_cause<7:0>.
WARNING:NetListWriters:304 - Port bus pl2limm_enable<5 : 2> on block
   core_pipelane_4 is not reconstructed, because there are some missing bus
   pins.
WARNING:NetListWriters:305 - Port bus pl2trap_trap[5]_arg has a mismatched
   property name pl2trap_trap on block core_pipelane_3.
WARNING:NetListWriters:303 - Unable to preserve the ordering for port bus
   pl2trap_trap[5]_arg on block core_pipelane_3 using the data
   pl2trap_trap[5]_arg<31:0>.
WARNING:NetListWriters:305 - Port bus pl2trap_trap[5]_cause has a mismatched
   property name pl2trap_trap on block core_pipelane_3.
WARNING:NetListWriters:303 - Unable to preserve the ordering for port bus
   pl2trap_trap[5]_cause on block core_pipelane_3 using the data
   pl2trap_trap[5]_cause<7:0>.
WARNING:NetListWriters:305 - Port bus pl2trap_trap[5]_cause has a mismatched
   property name pl2trap_trap on block core_pipelane_8.
WARNING:NetListWriters:303 - Unable to preserve the ordering for port bus
   pl2trap_trap[5]_cause on block core_pipelane_8 using the data
   pl2trap_trap[5]_cause<7:0>.
WARNING:NetListWriters:306 - Signal bus si[3]_syllable[26 : 2] on block
   core_pipelane_8 is not reconstructed, because there are some missing bus
   signals.
WARNING:NetListWriters:306 - Signal bus si[3]_br_branchOffset[20 : 3] on block
   core_pipelane_8 is not reconstructed, because there are some missing bus
   signals.
WARNING:NetListWriters:304 - Port bus _n0403<4 : 0> on block core_dmemSwitch_1
   is not reconstructed, because there are some missing bus pins.
WARNING:NetListWriters:305 - Port bus pl2trap_trap[5][5]_cause has a mismatched
   property name pl2trap_trap on block core_trapRouting_1.
WARNING:NetListWriters:303 - Unable to preserve the ordering for port bus
   pl2trap_trap[5][5]_cause on block core_trapRouting_1 using the data
   pl2trap_trap[5][5]_cause<7:0>.
WARNING:NetListWriters:305 - Port bus pl2trap_trap[4][5]_cause has a mismatched
   property name pl2trap_trap on block core_trapRouting_1.
WARNING:NetListWriters:303 - Unable to preserve the ordering for port bus
   pl2trap_trap[4][5]_cause on block core_trapRouting_1 using the data
   pl2trap_trap[4][5]_cause<7:0>.
WARNING:NetListWriters:305 - Port bus pl2trap_trap[1][5]_cause has a mismatched
   property name pl2trap_trap on block core_trapRouting_1.
WARNING:NetListWriters:303 - Unable to preserve the ordering for port bus
   pl2trap_trap[1][5]_cause on block core_trapRouting_1 using the data
   pl2trap_trap[1][5]_cause<7:0>.
WARNING:NetListWriters:305 - Port bus pl2trap_trap[0][5]_cause has a mismatched
   property name pl2trap_trap on block core_trapRouting_1.
WARNING:NetListWriters:303 - Unable to preserve the ordering for port bus
   pl2trap_trap[0][5]_cause on block core_trapRouting_1 using the data
   pl2trap_trap[0][5]_cause<7:0>.
WARNING:NetListWriters:305 - Port bus trap2pl_trapToHandle[7]_cause has a
   mismatched property name trap2pl_trapToHandle on block core_trapRouting_1.
WARNING:NetListWriters:303 - Unable to preserve the ordering for port bus
   trap2pl_trapToHandle[7]_cause on block core_trapRouting_1 using the data
   trap2pl_trapToHandle[7]_cause<7:0>.
WARNING:NetListWriters:305 - Port bus pl2trap_trap[6][5]_cause has a mismatched
   property name pl2trap_trap on block core_trapRouting_1.
WARNING:NetListWriters:303 - Unable to preserve the ordering for port bus
   pl2trap_trap[6][5]_cause on block core_trapRouting_1 using the data
   pl2trap_trap[6][5]_cause<7:0>.
WARNING:NetListWriters:305 - Port bus pl2trap_trap[7][5]_cause has a mismatched
   property name pl2trap_trap on block core_trapRouting_1.
WARNING:NetListWriters:303 - Unable to preserve the ordering for port bus
   pl2trap_trap[7][5]_cause on block core_trapRouting_1 using the data
   pl2trap_trap[7][5]_cause<7:0>.
WARNING:NetListWriters:305 - Port bus pl2trap_trap[3][5]_cause has a mismatched
   property name pl2trap_trap on block core_trapRouting_1.
WARNING:NetListWriters:303 - Unable to preserve the ordering for port bus
   pl2trap_trap[3][5]_cause on block core_trapRouting_1 using the data
   pl2trap_trap[3][5]_cause<7:0>.
WARNING:NetListWriters:305 - Port bus pl2trap_trap[2][5]_cause has a mismatched
   property name pl2trap_trap on block core_trapRouting_1.
WARNING:NetListWriters:303 - Unable to preserve the ordering for port bus
   pl2trap_trap[2][5]_cause on block core_trapRouting_1 using the data
   pl2trap_trap[2][5]_cause<7:0>.
WARNING:NetListWriters:305 - Port bus pl2trap_trap[5][5]_arg has a mismatched
   property name pl2trap_trap on block core_trapRouting_1.
WARNING:NetListWriters:303 - Unable to preserve the ordering for port bus
   pl2trap_trap[5][5]_arg on block core_trapRouting_1 using the data
   pl2trap_trap[5][5]_arg<31:0>.
WARNING:NetListWriters:305 - Port bus pl2trap_trap[4][5]_arg has a mismatched
   property name pl2trap_trap on block core_trapRouting_1.
WARNING:NetListWriters:303 - Unable to preserve the ordering for port bus
   pl2trap_trap[4][5]_arg on block core_trapRouting_1 using the data
   pl2trap_trap[4][5]_arg<31:0>.
WARNING:NetListWriters:305 - Port bus pl2trap_trap[6][5]_arg has a mismatched
   property name pl2trap_trap on block core_trapRouting_1.
WARNING:NetListWriters:303 - Unable to preserve the ordering for port bus
   pl2trap_trap[6][5]_arg on block core_trapRouting_1 using the data
   pl2trap_trap[6][5]_arg<31:0>.
WARNING:NetListWriters:305 - Port bus pl2trap_trap[7][5]_arg has a mismatched
   property name pl2trap_trap on block core_trapRouting_1.
WARNING:NetListWriters:303 - Unable to preserve the ordering for port bus
   pl2trap_trap[7][5]_arg on block core_trapRouting_1 using the data
   pl2trap_trap[7][5]_arg<31:0>.
WARNING:NetListWriters:305 - Port bus trap2pl_trapToHandle[7]_arg has a
   mismatched property name trap2pl_trapToHandle on block core_trapRouting_1.
WARNING:NetListWriters:303 - Unable to preserve the ordering for port bus
   trap2pl_trapToHandle[7]_arg on block core_trapRouting_1 using the data
   trap2pl_trapToHandle[7]_arg<31:0>.
WARNING:NetListWriters:305 - Port bus pl2trap_trap[1][5]_arg has a mismatched
   property name pl2trap_trap on block core_trapRouting_1.
WARNING:NetListWriters:303 - Unable to preserve the ordering for port bus
   pl2trap_trap[1][5]_arg on block core_trapRouting_1 using the data
   pl2trap_trap[1][5]_arg<31:0>.
WARNING:NetListWriters:305 - Port bus pl2trap_trap[3][5]_arg has a mismatched
   property name pl2trap_trap on block core_trapRouting_1.
WARNING:NetListWriters:303 - Unable to preserve the ordering for port bus
   pl2trap_trap[3][5]_arg on block core_trapRouting_1 using the data
   pl2trap_trap[3][5]_arg<31:0>.
WARNING:NetListWriters:305 - Port bus pl2trap_trap[2][5]_arg has a mismatched
   property name pl2trap_trap on block core_trapRouting_1.
WARNING:NetListWriters:303 - Unable to preserve the ordering for port bus
   pl2trap_trap[2][5]_arg on block core_trapRouting_1 using the data
   pl2trap_trap[2][5]_arg<31:0>.
WARNING:NetListWriters:305 - Port bus cxplif2cxreg_exDbgTrapInfo[0]_arg has a
   mismatched property name cxplif2cxreg_exDbgTrapInfo on block
   core_pipelanes_1.
WARNING:NetListWriters:303 - Unable to preserve the ordering for port bus
   cxplif2cxreg_exDbgTrapInfo[0]_arg on block core_pipelanes_1 using the data
   cxplif2cxreg_exDbgTrapInfo[0]_arg<31:0>.
WARNING:NetListWriters:304 - Port bus pl2cxplif2_sylNop[7 : 2] on block
   core_pipelanes_1 is not reconstructed, because there are some missing bus
   pins.
WARNING:NetListWriters:304 - Port bus pl2cxplif_idle[7 : 0] on block
   core_pipelanes_1 is not reconstructed, because there are some missing bus
   pins.
WARNING:NetListWriters:306 - Signal bus limm2pl_enable<7 : 0> on block
   core_pipelanes_1 is not reconstructed, because there are some missing bus
   signals.
WARNING:NetListWriters:306 - Signal bus limm2pl_error<7 : 0> on block
   core_pipelanes_1 is not reconstructed, because there are some missing bus
   signals.
WARNING:NetListWriters:304 - Port bus writeEnables[15 : 0] on block
   core_forward_3_NO15 is not reconstructed, because there are some missing bus
   pins.
WARNING:NetListWriters:304 - Port bus writeEnables[15 : 0] on block
   core_forward_3_NO14 is not reconstructed, because there are some missing bus
   pins.
WARNING:NetListWriters:304 - Port bus writeEnables[15 : 0] on block
   core_forward_3_NO13 is not reconstructed, because there are some missing bus
   pins.
WARNING:NetListWriters:304 - Port bus writeEnables[15 : 0] on block
   core_forward_3_NO12 is not reconstructed, because there are some missing bus
   pins.
WARNING:NetListWriters:304 - Port bus writeEnables[15 : 0] on block
   core_forward_3_NO11 is not reconstructed, because there are some missing bus
   pins.
WARNING:NetListWriters:304 - Port bus writeEnables[15 : 0] on block
   core_forward_3_NO10 is not reconstructed, because there are some missing bus
   pins.
WARNING:NetListWriters:304 - Port bus writeEnables[15 : 0] on block
   core_forward_3_NO9 is not reconstructed, because there are some missing bus
   pins.
WARNING:NetListWriters:304 - Port bus writeEnables<15 : 0> on block
   core_forward_3_NO8 is not reconstructed, because there are some missing bus
   pins.
WARNING:NetListWriters:304 - Port bus writeEnables[15 : 0] on block
   core_forward_3_NO7 is not reconstructed, because there are some missing bus
   pins.
WARNING:NetListWriters:304 - Port bus writeEnables[15 : 0] on block
   core_forward_3_NO6 is not reconstructed, because there are some missing bus
   pins.
WARNING:NetListWriters:304 - Port bus writeEnables[15 : 0] on block
   core_forward_3_NO5 is not reconstructed, because there are some missing bus
   pins.
WARNING:NetListWriters:304 - Port bus writeEnables[15 : 0] on block
   core_forward_3_NO4 is not reconstructed, because there are some missing bus
   pins.
WARNING:NetListWriters:304 - Port bus writeEnables[15 : 0] on block
   core_forward_3_NO3 is not reconstructed, because there are some missing bus
   pins.
WARNING:NetListWriters:304 - Port bus writeEnables[15 : 0] on block
   core_forward_3_NO2 is not reconstructed, because there are some missing bus
   pins.
WARNING:NetListWriters:304 - Port bus writeEnables[15 : 0] on block
   core_forward_3_NO1 is not reconstructed, because there are some missing bus
   pins.
WARNING:NetListWriters:304 - Port bus writeEnables[15 : 0] on block
   core_forward_3 is not reconstructed, because there are some missing bus pins.
WARNING:NetListWriters:304 - Port bus cfg2gbreg_requesterID<3 : 0> on block
   core_cfgCtrl_1 is not reconstructed, because there are some missing bus pins.
WARNING:NetListWriters:306 - Signal bus requesterID<3 : 0> on block
   core_cfgCtrl_1 is not reconstructed, because there are some missing bus
   signals.
WARNING:NetListWriters:306 - Signal bus requesterID_r<3 : 0> on block
   core_cfgCtrl_1 is not reconstructed, because there are some missing bus
   signals.
WARNING:NetListWriters:304 - Port bus cfg2gbreg_requesterID<3 : 0> on block
   core_globalRegLogic_1 is not reconstructed, because there are some missing
   bus pins.
WARNING:NetListWriters:304 - Port bus pl2cxplif2_sylNop<7 : 2> on block
   core_contextRegLogic_1 is not reconstructed, because there are some missing
   bus pins.
WARNING:NetListWriters:304 - Port bus pl2cxplif_idle<7 : 0> on block
   core_contextRegLogic_1 is not reconstructed, because there are some missing
   bus pins.
WARNING:NetListWriters:305 - Port bus mem2rv_cacheStatus[0]_data_accessType has
   a mismatched property name mem2rv_cacheStatus on block core_1.
WARNING:NetListWriters:303 - Unable to preserve the ordering for port bus
   mem2rv_cacheStatus[0]_data_accessType on block core_1 using the data
   mem2rv_cacheStatus[0]_data_accessType<1:0>.
WARNING:NetListWriters:306 - Signal bus cxplif2cxreg_sylNop<4 : 0> on block
   core_1 is not reconstructed, because there are some missing bus signals.
WARNING:NetListWriters:306 - Signal bus cfg2gbreg_requesterID<3 : 0> on block
   core_1 is not reconstructed, because there are some missing bus signals.
WARNING:NetListWriters:306 - Signal bus pl2cxplif_idle<7 : 0> on block core_1 is
   not reconstructed, because there are some missing bus signals.
WARNING:NetListWriters:306 - Signal bus pl2cxplif2_sylNop<7 : 2> on block core_1
   is not reconstructed, because there are some missing bus signals.
WARNING:NetListWriters:306 - Signal bus readData<31 : 0> on block core_1 is not
   reconstructed, because there are some missing bus signals.
WARNING:NetListWriters:305 - Port bus ahbmo[0]_htrans has a mismatched property
   name ahbmo on block rvsys_grlib_rctrl_1.
WARNING:NetListWriters:303 - Unable to preserve the ordering for port bus
   ahbmo[0]_htrans on block rvsys_grlib_rctrl_1 using the data
   ahbmo[0]_htrans<1:0>.
WARNING:NetListWriters:305 - Port bus ahbmo[0]_haddr has a mismatched property
   name ahbmo on block rvsys_grlib_rctrl_1.
WARNING:NetListWriters:303 - Unable to preserve the ordering for port bus
   ahbmo[0]_haddr on block rvsys_grlib_rctrl_1 using the data
   ahbmo[0]_haddr<31:0>.
WARNING:NetListWriters:305 - Port bus ahbmo[0]_hsize has a mismatched property
   name ahbmo on block rvsys_grlib_rctrl_1.
WARNING:NetListWriters:303 - Unable to preserve the ordering for port bus
   ahbmo[0]_hsize on block rvsys_grlib_rctrl_1 using the data
   ahbmo[0]_hsize<2:0>.
WARNING:NetListWriters:305 - Port bus ahbmo[0]_hburst has a mismatched property
   name ahbmo on block rvsys_grlib_rctrl_1.
WARNING:NetListWriters:303 - Unable to preserve the ordering for port bus
   ahbmo[0]_hburst on block rvsys_grlib_rctrl_1 using the data
   ahbmo[0]_hburst<2:0>.
WARNING:NetListWriters:305 - Port bus ahbmo[0]_hprot has a mismatched property
   name ahbmo on block rvsys_grlib_rctrl_1.
WARNING:NetListWriters:303 - Unable to preserve the ordering for port bus
   ahbmo[0]_hprot on block rvsys_grlib_rctrl_1 using the data
   ahbmo[0]_hprot<3:0>.
WARNING:NetListWriters:305 - Port bus ahbmo[0]_hwdata has a mismatched property
   name ahbmo on block rvsys_grlib_rctrl_1.
WARNING:NetListWriters:303 - Unable to preserve the ordering for port bus
   ahbmo[0]_hwdata on block rvsys_grlib_rctrl_1 using the data
   ahbmo[0]_hwdata<127:0>.
WARNING:NetListWriters:305 - Port bus ahbmo[0]_hirq has a mismatched property
   name ahbmo on block rvsys_grlib_rctrl_1.
WARNING:NetListWriters:303 - Unable to preserve the ordering for port bus
   ahbmo[0]_hirq on block rvsys_grlib_rctrl_1 using the data
   ahbmo[0]_hirq<31:0>.
WARNING:NetListWriters:305 - Port bus ahbmo[0]_hindex has a mismatched property
   name ahbmo on block rvsys_grlib_rctrl_1.
WARNING:NetListWriters:303 - Unable to preserve the ordering for port bus
   ahbmo[0]_hindex on block rvsys_grlib_rctrl_1 using the data
   ahbmo[0]_hindex<3:0>.
WARNING:NetListWriters:306 - Signal bus ahbmo[0]_hwdata<127 : 0> on block
   leon3mp is not reconstructed, because there are some missing bus signals.
WARNING:NetListWriters:306 - Signal bus ahbmo[1]_hwdata<127 : 0> on block
   leon3mp is not reconstructed, because there are some missing bus signals.
WARNING:NetListWriters:306 - Signal bus ahbsi_hwdata<127 : 0> on block leon3mp
   is not reconstructed, because there are some missing bus signals.
WARNING:NetListWriters:306 - Signal bus ahbso[1]_hrdata<124 : 0> on block
   leon3mp is not reconstructed, because there are some missing bus signals.
WARNING:NetListWriters:306 - Signal bus apbi_paddr<11 : 2> on block leon3mp is
   not reconstructed, because there are some missing bus signals.
WARNING:NetListWriters:306 - Signal bus rvbmo_address<25 : 2> on block leon3mp
   is not reconstructed, because there are some missing bus signals.
WARNING:NetListWriters:306 - Signal bus rvbsi[1]_address<13 : 6> on block
   leon3mp is not reconstructed, because there are some missing bus signals.
WARNING:NetListWriters:306 - Signal bus rvbsi[3]_address<10 : 2> on block
   leon3mp is not reconstructed, because there are some missing bus signals.
WARNING:NetListWriters:306 - Signal bus irq2rv_irqID<5 : 0> on block leon3mp is
   not reconstructed, because there are some missing bus signals.
WARNING:NetListWriters:306 - Signal bus ahbmo[3]_hwdata<127 : 0> on block
   leon3mp is not reconstructed, because there are some missing bus signals.
WARNING:NetListWriters:306 - Signal bus gpio_block.gpioo_dout<12 : 3> on block
   leon3mp is not reconstructed, because there are some missing bus signals.
  finished :Prep
Writing EDIF netlist file leon3mp.edif ...
ngc2edif: Total memory usage is 297664 kilobytes

