init
CYC: 126862
STALL: 25508
BUN: 50695
SYL: 202804
NOP: 101400
IACC: 101393
IMISS: 15
DRACC: 0
DRMISS: 0
DWACC: 25353
DWMISS: 25353

compress: success
compress
CYC: 286329
STALL: 88264
BUN: 133023
SYL: 566336
NOP: 274683
IACC: 198104
IMISS: 566
DRACC: 29579
DRMISS: 1102
DWACC: 46754
DWMISS: 31851

Convolution 7x7: success
convolution_7x7
CYC: 1959978
STALL: 248769
BUN: 1516684
SYL: 9075728
NOP: 2181121
IACC: 1711221
IMISS: 696
DRACC: 406948
DRMISS: 24925
DWACC: 54795
DWMISS: 39541

median: success
median
CYC: 2401470
STALL: 334720
BUN: 1774471
SYL: 10707832
NOP: 2423463
IACC: 2066762
IMISS: 743
DRACC: 446071
DRMISS: 37123
DWACC: 59500
DWMISS: 43876

bcnt: success
bcnt
CYC: 2407797
STALL: 337788
BUN: 1777317
SYL: 10720068
NOP: 2429161
IACC: 2070021
IMISS: 771
DRACC: 447038
DRMISS: 37300
DWACC: 60069
DWMISS: 44090

