init
CYC: 126864
STALL: 25511
BUN: 50695
SYL: 202804
NOP: 101400
IACC: 101393
IMISS: 15
DRACC: 0
DRMISS: 0
DWACC: 25353
DWMISS: 25353

compress: success
compress
CYC: 280141
STALL: 82049
BUN: 133023
SYL: 566336
NOP: 274683
IACC: 198104
IMISS: 542
DRACC: 29579
DRMISS: 463
DWACC: 46754
DWMISS: 31638

Convolution 7x7: success
convolution_7x7
CYC: 1883947
STALL: 172756
BUN: 1516669
SYL: 9075664
NOP: 2181097
IACC: 1711203
IMISS: 589
DRACC: 406946
DRMISS: 12882
DWACC: 54792
DWMISS: 39327

median: success
median
CYC: 2322499
STALL: 255767
BUN: 1774456
SYL: 10707768
NOP: 2423439
IACC: 2066744
IMISS: 635
DRACC: 446069
DRMISS: 24586
DWACC: 59497
DWMISS: 43662

bcnt: success
bcnt
CYC: 2328793
STALL: 258802
BUN: 1777302
SYL: 10720004
NOP: 2429137
IACC: 2070003
IMISS: 662
DRACC: 447036
DRMISS: 24759
DWACC: 60066
DWMISS: 43876

