init
CYC: 126865
STALL: 25482
BUN: 50696
SYL: 101414
NOP: 11
IACC: 101395
IMISS: 12
DRACC: 0
DRMISS: 0
DWACC: 25353
DWMISS: 25354

compress: success
compress
CYC: 451823
STALL: 251150
BUN: 132969
SYL: 344302
NOP: 52789
IACC: 200685
IMISS: 12213
DRACC: 29576
DRMISS: 1593
DWACC: 46742
DWMISS: 32016

Convolution 7x7: success
convolution_7x7
CYC: 2219219
STALL: 525619
BUN: 1516660
SYL: 7724024
NOP: 829478
IACC: 1693612
IMISS: 12466
DRACC: 406949
DRMISS: 44024
DWACC: 54789
DWMISS: 39709

median: success
median
CYC: 2663205
STALL: 617870
BUN: 1774462
SYL: 9197044
NOP: 912695
IACC: 2045347
IMISS: 12715
DRACC: 446074
DRMISS: 56734
DWACC: 59497
DWMISS: 44044

bcnt: success
bcnt
CYC: 2672398
STALL: 623782
BUN: 1777307
SYL: 9205544
NOP: 914652
IACC: 2048628
IMISS: 12951
DRACC: 447042
DRMISS: 56911
DWACC: 60066
DWMISS: 44258

