Configuring FPGA...
Configuration upload complete.
Autodetecting core configuration...
 - found 8-issue core with 1 contexts at 0xD0000000.
Detected 1 physical cores, 1 virtual cores (contexts).

===============================================================================
Resetting platform for run 1...
Uploading software...
Upload complete.
Running program...
Run complete.
Dumping application log to run1-core0.log...
Cycle count: 2679422
Dynamic energy: 6.50 mJ

===============================================================================
Resetting platform for run 2...
Uploading software...
Upload complete.
Running program...
Run complete.
Dumping application log to run2-core0.log...
Cycle count: 2679429
Dynamic energy: 7.27 mJ

===============================================================================
Resetting platform for run 3...
Uploading software...
Upload complete.
Running program...
Run complete.
Dumping application log to run3-core0.log...
Cycle count: 2679426
Dynamic energy: 8.19 mJ

===============================================================================
Average performance:

Cycle count: 2679425 cycles
Dynamic energy: 7.32 mJ
