init
CYC: 126862
STALL: 25508
BUN: 50695
SYL: 202804
NOP: 101400
IACC: 101393
IMISS: 15
DRACC: 0
DRMISS: 0
DWACC: 25353
DWMISS: 25353

compress: success
compress
CYC: 301595
STALL: 103530
BUN: 133023
SYL: 566336
NOP: 274683
IACC: 198104
IMISS: 1711
DRACC: 29579
DRMISS: 1102
DWACC: 46754
DWMISS: 31851

Convolution 7x7: success
convolution_7x7
CYC: 1976398
STALL: 265181
BUN: 1516714
SYL: 9075856
NOP: 2181171
IACC: 1711256
IMISS: 1923
DRACC: 406952
DRMISS: 24925
DWACC: 54801
DWMISS: 39544

median: success
median
CYC: 2419546
STALL: 352770
BUN: 1774516
SYL: 10708024
NOP: 2423537
IACC: 2066815
IMISS: 2092
DRACC: 446077
DRMISS: 37123
DWACC: 59509
DWMISS: 43880

bcnt: success
bcnt
CYC: 2427606
STALL: 357553
BUN: 1777377
SYL: 10720324
NOP: 2429259
IACC: 2070092
IMISS: 2246
DRACC: 447046
DRMISS: 37300
DWACC: 60081
DWMISS: 44095

