init
CYC: 85915
STALL: 17301
BUN: 34311
SYL: 68646
NOP: 11
IACC: 68626
IMISS: 13
DRACC: 0
DRMISS: 0
DWACC: 4
DWMISS: 5

median: success
median
CYC: 724747
STALL: 135759
BUN: 445610
SYL: 1509126
NOP: 52085
IACC: 607113
IMISS: 92
DRACC: 81488
DRMISS: 8878
DWACC: 13143
DWMISS: 13023

compress: success
compress
CYC: 884870
STALL: 197471
BUN: 527600
SYL: 1738274
NOP: 92591
IACC: 1792366
IMISS: 257
DRACC: 318010
DRMISS: 23043
DWACC: 21903
DWMISS: 16095

bcnt: success
bcnt
CYC: 892317
STALL: 201644
BUN: 530466
SYL: 1745926
NOP: 93866
IACC: 1793403
IMISS: 297
DRACC: 318929
DRMISS: 23195
DWACC: 22075
DWMISS: 16096

