init
CYC: 126862
STALL: 25508
BUN: 50695
SYL: 202804
NOP: 101400
IACC: 101393
IMISS: 15
DRACC: 0
DRMISS: 0
DWACC: 25353
DWMISS: 25353

compress: success
compress
CYC: 290494
STALL: 92429
BUN: 133023
SYL: 566336
NOP: 274683
IACC: 198104
IMISS: 566
DRACC: 29579
DRMISS: 1593
DWACC: 46754
DWMISS: 32020

Convolution 7x7: success
convolution_7x7
CYC: 2076215
STALL: 365006
BUN: 1516684
SYL: 9075728
NOP: 2181121
IACC: 1711221
IMISS: 696
DRACC: 406948
DRMISS: 44024
DWACC: 54795
DWMISS: 39710

median: success
median
CYC: 2520731
STALL: 453981
BUN: 1774471
SYL: 10707832
NOP: 2423463
IACC: 2066762
IMISS: 743
DRACC: 446071
DRMISS: 56734
DWACC: 59500
DWMISS: 44045

bcnt: success
bcnt
CYC: 2527054
STALL: 457045
BUN: 1777317
SYL: 10720068
NOP: 2429161
IACC: 2070021
IMISS: 771
DRACC: 447038
DRMISS: 56911
DWACC: 60069
DWMISS: 44259

