Configuring FPGA...
Configuration upload complete.
Autodetecting core configuration...
 - found 8-issue core with 1 contexts at 0xD0000000.
Detected 1 physical cores, 1 virtual cores (contexts).

===============================================================================
Resetting platform for run 1...
Uploading software...
Upload complete.
Running program...
Run complete.
Dumping application log to run1-core0.log...
Cycle count: 2388675
Dynamic energy: 7.08 mJ

===============================================================================
Resetting platform for run 2...
Uploading software...
Upload complete.
Running program...
Run complete.
Dumping application log to run2-core0.log...
Cycle count: 2388747
Dynamic energy: 8.88 mJ

===============================================================================
Resetting platform for run 3...
Uploading software...
Upload complete.
Running program...
Run complete.
Dumping application log to run3-core0.log...
Cycle count: 2388786
Dynamic energy: 9.95 mJ

===============================================================================
Average performance:

Cycle count: 2388736 cycles
Dynamic energy: 8.64 mJ
