init
CYC: 125058
STALL: 56443
BUN: 34312
SYL: 68646
NOP: 11
IACC: 68627
IMISS: 12
DRACC: 0
DRMISS: 0
DWACC: 17161
DWMISS: 17162

compress: success
compress
CYC: 287488
STALL: 119617
BUN: 116555
SYL: 311438
NOP: 52769
IACC: 167883
IMISS: 391
DRACC: 29572
DRMISS: 1069
DWACC: 38544
DWMISS: 23649

median: success
median
CYC: 733989
STALL: 214607
BUN: 374151
SYL: 1783878
NOP: 135844
IACC: 519394
IMISS: 494
DRACC: 68658
DRMISS: 13266
DWACC: 43204
DWMISS: 27965

bcnt: success
bcnt
CYC: 740319
STALL: 217757
BUN: 376906
SYL: 1792086
NOP: 137740
IACC: 522574
IMISS: 525
DRACC: 69614
DRMISS: 13443
DWACC: 43755
DWMISS: 28174

